Using pre-set license
Built from '2020.3/release' branch; Version is '2020.3.1f1 (77a89f25062f) revision 7841951'; Using compiler version '192528614'; Build Type 'Release'
OS: 'Windows 10 Pro; OS build 19042.1110; Version 2009; 64bit' Language: 'en' Physical Memory: 24528 MB
BatchMode: 1, IsHumanControllingUs: 0, StartBugReporterOnCrash: 0, Is64bit: 1, IsPro: 0

 COMMAND LINE ARGUMENTS:
C:\Program Files\Unity\Hub\Editor\2020.3.1f1\Editor\Unity.exe
-adb2
-batchMode
-noUpm
-name
AssetImportWorker0
-projectPath
C:/Users/User-PC/Desktop/Game Dev Sem2 Project 1/Prototype Project
-logFile
Logs/AssetImportWorker0.log
-srvPort
64484
Successfully changed project path to: C:/Users/User-PC/Desktop/Game Dev Sem2 Project 1/Prototype Project
C:/Users/User-PC/Desktop/Game Dev Sem2 Project 1/Prototype Project
Using Asset Import Pipeline V2.
Refreshing native plugins compatible for Editor in 45.07 ms, found 1 plugins.
Preloading 0 native plugins for Editor in 0.00 ms.
Initialize engine version: 2020.3.1f1 (77a89f25062f)
[Subsystems] Discovering subsystems at path C:/Program Files/Unity/Hub/Editor/2020.3.1f1/Editor/Data/Resources/UnitySubsystems
[Subsystems] Discovering subsystems at path C:/Users/User-PC/Desktop/Game Dev Sem2 Project 1/Prototype Project/Assets
GfxDevice: creating device client; threaded=0
Direct3D:
    Version:  Direct3D 11.0 [level 11.1]
    Renderer: NVIDIA GeForce GTX 1060 3GB (ID=0x1c02)
    Vendor:   
    VRAM:     2988 MB
    Driver:   30.0.14.7141
Initialize mono
Mono path[0] = 'C:/Program Files/Unity/Hub/Editor/2020.3.1f1/Editor/Data/Managed'
Mono path[1] = 'C:/Program Files/Unity/Hub/Editor/2020.3.1f1/Editor/Data/MonoBleedingEdge/lib/mono/unityjit'
Mono config path = 'C:/Program Files/Unity/Hub/Editor/2020.3.1f1/Editor/Data/MonoBleedingEdge/etc'
Using monoOptions --debugger-agent=transport=dt_socket,embedding=1,server=y,suspend=n,address=127.0.0.1:56300
Begin MonoManager ReloadAssembly
Registering precompiled unity dll's ...
Register platform support module: C:/Program Files/Unity/Hub/Editor/2020.3.1f1/Editor/Data/PlaybackEngines/WindowsStandaloneSupport/UnityEditor.WindowsStandalone.Extensions.dll
Registered in 0.003052 seconds.
Native extension for WindowsStandalone target not found
Refreshing native plugins compatible for Editor in 41.24 ms, found 1 plugins.
Preloading 0 native plugins for Editor in 0.00 ms.
Invoked RoslynAnalysisRunner static constructor.
RoslynAnalysisRunner will not be running.
RoslynAnalysisRunner has terminated.
Mono: successfully reloaded assembly
- Completed reload, in  1.388 seconds
Platform modules already initialized, skipping
Registering precompiled user dll's ...
Registered in 0.001230 seconds.
Begin MonoManager ReloadAssembly
Native extension for WindowsStandalone target not found
Refreshing native plugins compatible for Editor in 48.58 ms, found 1 plugins.
Preloading 0 native plugins for Editor in 0.00 ms.
Invoked RoslynAnalysisRunner static constructor.
RoslynAnalysisRunner will not be running.
RoslynAnalysisRunner has terminated.
Mono: successfully reloaded assembly
- Completed reload, in  1.377 seconds
Platform modules already initialized, skipping
========================================================================
Worker process is ready to serve import requests
Launched and connected shader compiler UnityShaderCompiler.exe after 0.06 seconds
Refreshing native plugins compatible for Editor in 0.55 ms, found 1 plugins.
Preloading 0 native plugins for Editor in 0.00 ms.
Unloading 1806 Unused Serialized files (Serialized files now loaded: 0)
System memory in use before: 84.5 MB.
System memory in use after: 84.5 MB.

Unloading 24 unused Assets to reduce memory usage. Loaded Objects now: 2248.
Total: 3.684500 ms (FindLiveObjects: 0.359400 ms CreateObjectMapping: 0.067400 ms MarkObjects: 3.043000 ms  DeleteObjects: 0.213100 ms)

========================================================================
Received Import Request.
  path: Assets
  artifactKey: Guid(00000000000000001000000000000000) Importer(815301076,1909f56bfc062723c751e8b465ee728b)
Start importing Assets using Guid(00000000000000001000000000000000) Importer(815301076,1909f56bfc062723c751e8b465ee728b)  -> (artifact id: 'a6374019befeac6ce670f13ba9960efb') in 0.031585 seconds
  Import took 0.035477 seconds .

========================================================================
Received Import Request.
  Time since last request: 0.184242 seconds.
  path: Assets/scripts
  artifactKey: Guid(3822df7e54302294d829ef11a318cc0e) Importer(815301076,1909f56bfc062723c751e8b465ee728b)
Start importing Assets/scripts using Guid(3822df7e54302294d829ef11a318cc0e) Importer(815301076,1909f56bfc062723c751e8b465ee728b)  -> (artifact id: '1416f08f0810cbaa830302b9bed5366c') in 0.026493 seconds
  Import took 0.030253 seconds .

========================================================================
Received Import Request.
  Time since last request: 347.178402 seconds.
  path: Assets/scripts/Slots.cs
  artifactKey: Guid(b4020e72380929842b1841b45f13805c) Importer(815301076,1909f56bfc062723c751e8b465ee728b)
Start importing Assets/scripts/Slots.cs using Guid(b4020e72380929842b1841b45f13805c) Importer(815301076,1909f56bfc062723c751e8b465ee728b)  -> (artifact id: '4a027d2540e44bb56595ccd5d6d82b2e') in 0.163597 seconds
  Import took 0.170877 seconds .

========================================================================
Received Prepare
Registering precompiled user dll's ...
Registered in 0.001842 seconds.
Begin MonoManager ReloadAssembly
Native extension for WindowsStandalone target not found
Refreshing native plugins compatible for Editor in 0.49 ms, found 1 plugins.
Preloading 0 native plugins for Editor in 0.00 ms.
Invoked RoslynAnalysisRunner static constructor.
RoslynAnalysisRunner will not be running.
RoslynAnalysisRunner has terminated.
Mono: successfully reloaded assembly
- Completed reload, in  1.057 seconds
Platform modules already initialized, skipping
Refreshing native plugins compatible for Editor in 0.40 ms, found 1 plugins.
Preloading 0 native plugins for Editor in 0.00 ms.
Unloading 1802 Unused Serialized files (Serialized files now loaded: 0)
System memory in use before: 84.5 MB.
System memory in use after: 84.5 MB.

Unloading 12 unused Assets to reduce memory usage. Loaded Objects now: 2253.
Total: 2.453000 ms (FindLiveObjects: 0.257600 ms CreateObjectMapping: 0.049600 ms MarkObjects: 1.983900 ms  DeleteObjects: 0.159800 ms)

========================================================================
Received Import Request.
  Time since last request: 6.852158 seconds.
  path: Assets/scripts/Main.cs
  artifactKey: Guid(61bd208e03430af4d838f0ebec693d45) Importer(815301076,1909f56bfc062723c751e8b465ee728b)
Start importing Assets/scripts/Main.cs using Guid(61bd208e03430af4d838f0ebec693d45) Importer(815301076,1909f56bfc062723c751e8b465ee728b)  -> (artifact id: 'acec9ca8d72288af19f4f4ba93e9d274') in 0.012227 seconds
  Import took 0.015552 seconds .

========================================================================
Received Prepare
Registering precompiled user dll's ...
Registered in 0.001336 seconds.
Begin MonoManager ReloadAssembly
Native extension for WindowsStandalone target not found
Refreshing native plugins compatible for Editor in 0.43 ms, found 1 plugins.
Preloading 0 native plugins for Editor in 0.00 ms.
Invoked RoslynAnalysisRunner static constructor.
RoslynAnalysisRunner will not be running.
RoslynAnalysisRunner has terminated.
Mono: successfully reloaded assembly
- Completed reload, in  1.011 seconds
Platform modules already initialized, skipping
Refreshing native plugins compatible for Editor in 0.39 ms, found 1 plugins.
Preloading 0 native plugins for Editor in 0.00 ms.
Unloading 1803 Unused Serialized files (Serialized files now loaded: 0)
System memory in use before: 84.6 MB.
System memory in use after: 84.6 MB.

Unloading 12 unused Assets to reduce memory usage. Loaded Objects now: 2258.
Total: 2.595000 ms (FindLiveObjects: 0.284600 ms CreateObjectMapping: 0.058100 ms MarkObjects: 2.108100 ms  DeleteObjects: 0.142900 ms)

========================================================================
Received Import Request.
  Time since last request: 8.167780 seconds.
  path: Assets/scripts/Gems.cs
  artifactKey: Guid(00b5c701c547e74458cd856320fab823) Importer(815301076,1909f56bfc062723c751e8b465ee728b)
Start importing Assets/scripts/Gems.cs using Guid(00b5c701c547e74458cd856320fab823) Importer(815301076,1909f56bfc062723c751e8b465ee728b)  -> (artifact id: '68cf6ba6c41f34a6f5ca004db6435f24') in 0.011029 seconds
  Import took 0.015082 seconds .

========================================================================
Received Prepare
Registering precompiled user dll's ...
Registered in 0.001324 seconds.
Begin MonoManager ReloadAssembly
Native extension for WindowsStandalone target not found
Refreshing native plugins compatible for Editor in 0.40 ms, found 1 plugins.
Preloading 0 native plugins for Editor in 0.00 ms.
Invoked RoslynAnalysisRunner static constructor.
RoslynAnalysisRunner will not be running.
RoslynAnalysisRunner has terminated.
Mono: successfully reloaded assembly
- Completed reload, in  1.003 seconds
Platform modules already initialized, skipping
Refreshing native plugins compatible for Editor in 0.39 ms, found 1 plugins.
Preloading 0 native plugins for Editor in 0.00 ms.
Unloading 1804 Unused Serialized files (Serialized files now loaded: 0)
System memory in use before: 84.6 MB.
System memory in use after: 84.6 MB.

Unloading 12 unused Assets to reduce memory usage. Loaded Objects now: 2263.
Total: 2.319500 ms (FindLiveObjects: 0.235600 ms CreateObjectMapping: 0.052200 ms MarkObjects: 1.892600 ms  DeleteObjects: 0.137900 ms)

AssetImportWorkerClient::OnTransportError - code=2 error=End of file
